
2020-07-15 10:10: INFO:numexpr.utils: NumExpr defaulting to 8 threads.
2020-07-15 10:10: INFO:__main__:  LPJ-GUESS_S1_nbp:: pass
2020-07-15 10:10: INFO:__main__:  LPJ-GUESS_S3_nbp:: pass
2020-07-15 10:11: INFO:__main__:  OCN_S1_nbp:: pass
2020-07-15 10:11: INFO:__main__:  OCN_S3_nbp:: pass
2020-07-15 10:11: INFO:__main__:  CABLE-POP_S1_nbp:: pass
2020-07-15 10:12: INFO:__main__:  CABLE-POP_S3_nbp:: pass
2020-07-15 10:12: INFO:__main__:  CLASS-CTEM_S1_nbp:: pass
2020-07-15 10:12: INFO:__main__:  CLASS-CTEM_S3_nbp:: pass
2020-07-15 10:12: INFO:__main__:  JSBACH_S1_nbp:: pass
2020-07-15 10:12: INFO:__main__:  JSBACH_S3_nbp:: pass
2020-07-15 10:27: INFO:numexpr.utils: NumExpr defaulting to 8 threads.
2020-07-15 10:27: INFO:__main__:  LPJ-GUESS_S1_nbp:: pass
2020-07-15 10:28: INFO:__main__:  LPJ-GUESS_S3_nbp:: pass
2020-07-15 10:28: INFO:__main__:  OCN_S1_nbp:: pass
2020-07-15 10:28: INFO:__main__:  OCN_S3_nbp:: pass
2020-07-15 10:29: INFO:__main__:  CABLE-POP_S1_nbp:: pass
2020-07-15 10:29: INFO:__main__:  CABLE-POP_S3_nbp:: pass
2020-07-15 10:29: INFO:__main__:  CLASS-CTEM_S1_nbp:: pass
2020-07-15 10:29: INFO:__main__:  CLASS-CTEM_S3_nbp:: pass
2020-07-15 10:29: INFO:__main__:  JSBACH_S1_nbp:: pass
2020-07-15 10:30: INFO:__main__:  JSBACH_S3_nbp:: pass
2020-07-15 10:50: INFO:numexpr.utils: NumExpr defaulting to 8 threads.
2020-07-15 10:50: INFO:__main__:  LPJ-GUESS_S1_nbp:: pass
2020-07-15 10:50: INFO:__main__:  LPJ-GUESS_S3_nbp:: pass
2020-07-15 10:50: INFO:__main__:  OCN_S1_nbp:: pass
2020-07-15 10:51: INFO:__main__:  OCN_S3_nbp:: pass
2020-07-15 10:51: INFO:__main__:  CABLE-POP_S1_nbp:: pass
2020-07-15 10:52: INFO:__main__:  CABLE-POP_S3_nbp:: pass
2020-07-15 10:52: INFO:__main__:  CLASS-CTEM_S1_nbp:: pass
2020-07-15 10:52: INFO:__main__:  CLASS-CTEM_S3_nbp:: pass
2020-07-15 10:52: INFO:__main__:  JSBACH_S1_nbp:: pass
2020-07-15 10:52: INFO:__main__:  JSBACH_S3_nbp:: pass
