2020-07-16 18:18: ERROR:__main__:  LPJ-GUESS_S1_nbp :: fail
2020-07-16 18:18: ERROR:__main__: [Errno 2] File b'./../../data/TRENDY/models/models_info.txt' does not exist: b'./../../data/TRENDY/models/models_info.txt'
2020-07-16 18:18: ERROR:__main__:  LPJ-GUESS_S3_nbp :: fail
2020-07-16 18:18: ERROR:__main__: [Errno 2] File b'./../../data/TRENDY/models/models_info.txt' does not exist: b'./../../data/TRENDY/models/models_info.txt'
2020-07-16 18:18: ERROR:__main__:  OCN_S1_nbp :: fail
2020-07-16 18:18: ERROR:__main__: [Errno 2] File b'./../../data/TRENDY/models/models_info.txt' does not exist: b'./../../data/TRENDY/models/models_info.txt'
2020-07-16 18:18: ERROR:__main__:  OCN_S3_nbp :: fail
2020-07-16 18:18: ERROR:__main__: [Errno 2] File b'./../../data/TRENDY/models/models_info.txt' does not exist: b'./../../data/TRENDY/models/models_info.txt'
2020-07-16 18:18: ERROR:__main__:  CABLE-POP_S1_nbp :: fail
2020-07-16 18:18: ERROR:__main__: [Errno 2] File b'./../../data/TRENDY/models/models_info.txt' does not exist: b'./../../data/TRENDY/models/models_info.txt'
2020-07-16 18:18: ERROR:__main__:  CABLE-POP_S3_nbp :: fail
2020-07-16 18:18: ERROR:__main__: [Errno 2] File b'./../../data/TRENDY/models/models_info.txt' does not exist: b'./../../data/TRENDY/models/models_info.txt'
2020-07-16 18:18: ERROR:__main__:  CLASS-CTEM_S1_nbp :: fail
2020-07-16 18:18: ERROR:__main__: [Errno 2] File b'./../../data/TRENDY/models/models_info.txt' does not exist: b'./../../data/TRENDY/models/models_info.txt'
2020-07-16 18:18: ERROR:__main__:  CLASS-CTEM_S3_nbp :: fail
2020-07-16 18:18: ERROR:__main__: [Errno 2] File b'./../../data/TRENDY/models/models_info.txt' does not exist: b'./../../data/TRENDY/models/models_info.txt'
2020-07-16 18:18: ERROR:__main__:  JSBACH_S1_nbp :: fail
2020-07-16 18:18: ERROR:__main__: [Errno 2] File b'./../../data/TRENDY/models/models_info.txt' does not exist: b'./../../data/TRENDY/models/models_info.txt'
2020-07-16 18:18: ERROR:__main__:  JSBACH_S3_nbp :: fail
2020-07-16 18:18: ERROR:__main__: [Errno 2] File b'./../../data/TRENDY/models/models_info.txt' does not exist: b'./../../data/TRENDY/models/models_info.txt'
