2020-07-17 14:42: INFO:__main__: fco2_Rayner-C13-2018_June2018-ext3_1992-2012_monthlymean_XYT.nc :: pass
2020-07-17 14:42: INFO:__main__: fco2_CAMS-V17-1-2018_June2018-ext3_1979-2017_monthlymean_XYT.nc :: pass
2020-07-17 14:42: INFO:__main__: fco2_CTRACKER-EU-v2018_June2018-ext3_2000-2017_monthlymean_XYT.nc :: pass
2020-07-17 14:42: INFO:__main__: fco2_JAMSTEC-V1-2-2018_June2018-ext3_1996-2017_monthlymean_XYT.nc :: pass
2020-07-17 14:42: INFO:__main__: fco2_JENA-s76-4-2-2018_June2018-ext3_1976-2017_monthlymean_XYT.nc :: pass
2020-07-17 14:42: INFO:__main__: fco2_JENA-s85-4-2-2018_June2018-ext3_1985-2017_monthlymean_XYT.nc :: pass
2020-08-04 17:05: INFO:__main__: fco2_Rayner-C13-2018_June2018-ext3_1992-2012_monthlymean_XYT.nc :: pass
2020-08-04 17:05: INFO:__main__: fco2_CAMS-V17-1-2018_June2018-ext3_1979-2017_monthlymean_XYT.nc :: pass
2020-08-04 17:05: INFO:__main__: fco2_CTRACKER-EU-v2018_June2018-ext3_2000-2017_monthlymean_XYT.nc :: pass
2020-08-04 17:05: INFO:__main__: fco2_JAMSTEC-V1-2-2018_June2018-ext3_1996-2017_monthlymean_XYT.nc :: pass
2020-08-04 17:05: INFO:__main__: fco2_JENA-s76-4-2-2018_June2018-ext3_1976-2017_monthlymean_XYT.nc :: pass
2020-08-04 17:05: INFO:__main__: fco2_JENA-s85-4-2-2018_June2018-ext3_1985-2017_monthlymean_XYT.nc :: pass
2020-08-04 17:10: INFO:__main__: fco2_Rayner-C13-2018_June2018-ext3_1992-2012_monthlymean_XYT.nc :: pass
2020-08-04 17:10: INFO:__main__: fco2_CAMS-V17-1-2018_June2018-ext3_1979-2017_monthlymean_XYT.nc :: pass
2020-08-04 17:10: INFO:__main__: fco2_CTRACKER-EU-v2018_June2018-ext3_2000-2017_monthlymean_XYT.nc :: pass
2020-08-04 17:10: INFO:__main__: fco2_JAMSTEC-V1-2-2018_June2018-ext3_1996-2017_monthlymean_XYT.nc :: pass
2020-08-04 17:10: INFO:__main__: fco2_JENA-s76-4-2-2018_June2018-ext3_1976-2017_monthlymean_XYT.nc :: pass
2020-08-04 17:10: INFO:__main__: fco2_JENA-s85-4-2-2018_June2018-ext3_1985-2017_monthlymean_XYT.nc :: pass
2020-08-04 17:12: INFO:__main__: fco2_Rayner-C13-2018_June2018-ext3_1992-2012_monthlymean_XYT.nc :: pass
2020-08-04 17:12: INFO:__main__: fco2_CAMS-V17-1-2018_June2018-ext3_1979-2017_monthlymean_XYT.nc :: pass
2020-08-04 17:12: INFO:__main__: fco2_CTRACKER-EU-v2018_June2018-ext3_2000-2017_monthlymean_XYT.nc :: pass
2020-08-04 17:12: INFO:__main__: fco2_JAMSTEC-V1-2-2018_June2018-ext3_1996-2017_monthlymean_XYT.nc :: pass
2020-08-04 17:13: INFO:__main__: fco2_JENA-s76-4-2-2018_June2018-ext3_1976-2017_monthlymean_XYT.nc :: pass
2020-08-04 17:13: INFO:__main__: fco2_JENA-s85-4-2-2018_June2018-ext3_1985-2017_monthlymean_XYT.nc :: pass
2020-08-04 17:14: INFO:__main__: fco2_Rayner-C13-2018_June2018-ext3_1992-2012_monthlymean_XYT.nc :: pass
2020-08-04 17:14: INFO:__main__: fco2_CAMS-V17-1-2018_June2018-ext3_1979-2017_monthlymean_XYT.nc :: pass
2020-08-04 17:14: INFO:__main__: fco2_CTRACKER-EU-v2018_June2018-ext3_2000-2017_monthlymean_XYT.nc :: pass
2020-08-04 17:14: INFO:__main__: fco2_JAMSTEC-V1-2-2018_June2018-ext3_1996-2017_monthlymean_XYT.nc :: pass
2020-08-04 17:15: INFO:__main__: fco2_JENA-s76-4-2-2018_June2018-ext3_1976-2017_monthlymean_XYT.nc :: pass
2020-08-04 17:15: INFO:__main__: fco2_JENA-s85-4-2-2018_June2018-ext3_1985-2017_monthlymean_XYT.nc :: pass
2020-10-13 09:02: INFO:__main__: fco2_Rayner-C13-2018_June2018-ext3_1992-2012_monthlymean_XYT.nc :: pass
2020-10-13 09:03: INFO:__main__: fco2_CAMS-V17-1-2018_June2018-ext3_1979-2017_monthlymean_XYT.nc :: pass
2020-10-13 09:03: INFO:__main__: fco2_CTRACKER-EU-v2018_June2018-ext3_2000-2017_monthlymean_XYT.nc :: pass
2020-10-13 09:03: INFO:__main__: fco2_JAMSTEC-V1-2-2018_June2018-ext3_1996-2017_monthlymean_XYT.nc :: pass
2020-10-13 09:03: INFO:__main__: fco2_JENA-s76-4-2-2018_June2018-ext3_1976-2017_monthlymean_XYT.nc :: pass
2020-10-13 09:03: INFO:__main__: fco2_Rayner-C13-2018_June2018-ext3_1992-2012_monthlymean_XYT.nc :: pass
2020-10-13 09:03: INFO:__main__: fco2_CAMS-V17-1-2018_June2018-ext3_1979-2017_monthlymean_XYT.nc :: pass
2020-10-13 09:03: INFO:__main__: fco2_CTRACKER-EU-v2018_June2018-ext3_2000-2017_monthlymean_XYT.nc :: pass
2020-10-13 09:04: INFO:__main__: fco2_JAMSTEC-V1-2-2018_June2018-ext3_1996-2017_monthlymean_XYT.nc :: pass
2020-10-13 09:04: INFO:__main__: fco2_JENA-s76-4-2-2018_June2018-ext3_1976-2017_monthlymean_XYT.nc :: pass
2020-10-13 09:04: INFO:__main__: fco2_JENA-s85-4-2-2018_June2018-ext3_1985-2017_monthlymean_XYT.nc :: pass
